0 info it worked if it ends with ok
1 verbose cli [ '/usr/bin/node',
1 verbose cli   '/usr/bin/npm',
1 verbose cli   'install',
1 verbose cli   '--save',
1 verbose cli   'welldone-software/why-did-you-render',
1 verbose cli   'instead.' ]
2 info using npm@3.5.2
3 info using node@v8.10.0
4 silly loadCurrentTree Starting
5 silly install loadCurrentTree
6 silly install readLocalPackageData
7 silly fetchPackageMetaData welldone-software/why-did-you-render
8 silly fetchPackageMetaData instead.
9 silly fetchOtherPackageData welldone-software/why-did-you-render
10 silly cache add args [ 'welldone-software/why-did-you-render', null ]
11 verbose cache add spec welldone-software/why-did-you-render
12 silly fetchNamedPackageData instead.
13 silly mapToRegistry name instead.
14 silly mapToRegistry using default registry
15 silly mapToRegistry registry https://registry.npmjs.org/
16 silly mapToRegistry uri https://registry.npmjs.org/instead.
17 silly cache add parsed spec Result {
17 silly cache add   raw: 'welldone-software/why-did-you-render',
17 silly cache add   scope: null,
17 silly cache add   name: null,
17 silly cache add   rawSpec: 'welldone-software/why-did-you-render',
17 silly cache add   spec: 'github:welldone-software/why-did-you-render',
17 silly cache add   type: 'hosted',
17 silly cache add   hosted:
17 silly cache add    { type: 'github',
17 silly cache add      ssh: 'git@github.com:welldone-software/why-did-you-render.git',
17 silly cache add      sshUrl: 'git+ssh://git@github.com/welldone-software/why-did-you-render.git',
17 silly cache add      httpsUrl: 'git+https://github.com/welldone-software/why-did-you-render.git',
17 silly cache add      gitUrl: 'git://github.com/welldone-software/why-did-you-render.git',
17 silly cache add      shortcut: 'github:welldone-software/why-did-you-render',
17 silly cache add      directUrl: 'https://raw.githubusercontent.com/welldone-software/why-did-you-render/master/package.json' } }
18 verbose addRemoteGit caching welldone-software/why-did-you-render
19 verbose addRemoteGit welldone-software/why-did-you-render is a repository hosted by github
20 silly tryGitProto attempting to clone git://github.com/welldone-software/why-did-you-render.git
21 silly tryClone cloning welldone-software/why-did-you-render via git://github.com/welldone-software/why-did-you-render.git
22 verbose tryClone git-github-com-welldone-software-why-did-you-render-git-3a9f720d not in flight; caching
23 verbose request uri https://registry.npmjs.org/instead.
24 verbose request no auth needed
25 info attempt registry request try #1 at 17:17:49
26 verbose request id cb11e9a1123c1aa1
27 http request GET https://registry.npmjs.org/instead.
28 verbose makeDirectory /home/adrian/.npm/_git-remotes creation not in flight; initializing
29 silly makeDirectory /home/adrian/.npm/_git-remotes uid: 1000 gid: 1000
30 info git [ 'clone',
30 info git   '--template=/home/adrian/.npm/_git-remotes/_templates',
30 info git   '--mirror',
30 info git   'git://github.com/welldone-software/why-did-you-render.git',
30 info git   '/home/adrian/.npm/_git-remotes/git-github-com-welldone-software-why-did-you-render-git-3a9f720d' ]
31 http 404 https://registry.npmjs.org/instead.
32 verbose headers { date: 'Sun, 17 May 2020 16:17:49 GMT',
32 verbose headers   'content-type': 'application/json',
32 verbose headers   'content-length': '21',
32 verbose headers   connection: 'keep-alive',
32 verbose headers   'set-cookie':
32 verbose headers    [ '__cfduid=dd4cffb96efbebae1517540d8cea6f2431589732269; expires=Tue, 16-Jun-20 16:17:49 GMT; path=/; domain=.npmjs.org; HttpOnly; SameSite=Lax' ],
32 verbose headers   'cf-ray': '594ea69e9a37e600-LHR',
32 verbose headers   age: '10',
32 verbose headers   vary: 'Accept-Encoding',
32 verbose headers   'cf-cache-status': 'HIT',
32 verbose headers   'expect-ct': 'max-age=604800, report-uri="https://report-uri.cloudflare.com/cdn-cgi/beacon/expect-ct"',
32 verbose headers   server: 'cloudflare',
32 verbose headers   'cf-request-id': '02c506771b0000e600ff271200000001' }
33 silly get cb [ 404,
33 silly get   { date: 'Sun, 17 May 2020 16:17:49 GMT',
33 silly get     'content-type': 'application/json',
33 silly get     'content-length': '21',
33 silly get     connection: 'keep-alive',
33 silly get     'set-cookie':
33 silly get      [ '__cfduid=dd4cffb96efbebae1517540d8cea6f2431589732269; expires=Tue, 16-Jun-20 16:17:49 GMT; path=/; domain=.npmjs.org; HttpOnly; SameSite=Lax' ],
33 silly get     'cf-ray': '594ea69e9a37e600-LHR',
33 silly get     age: '10',
33 silly get     vary: 'Accept-Encoding',
33 silly get     'cf-cache-status': 'HIT',
33 silly get     'expect-ct': 'max-age=604800, report-uri="https://report-uri.cloudflare.com/cdn-cgi/beacon/expect-ct"',
33 silly get     server: 'cloudflare',
33 silly get     'cf-request-id': '02c506771b0000e600ff271200000001' } ]
34 silly fetchPackageMetaData Error: Not found : instead.
34 silly fetchPackageMetaData     at makeError (/usr/share/npm/node_modules/npm-registry-client/lib/request.js:264:12)
34 silly fetchPackageMetaData     at CachingRegistryClient.<anonymous> (/usr/share/npm/node_modules/npm-registry-client/lib/request.js:252:14)
34 silly fetchPackageMetaData     at Request._callback (/usr/share/npm/node_modules/npm-registry-client/lib/request.js:172:14)
34 silly fetchPackageMetaData     at Request.self.callback (/usr/share/npm/node_modules/request/request.js:198:22)
34 silly fetchPackageMetaData     at emitTwo (events.js:126:13)
34 silly fetchPackageMetaData     at Request.emit (events.js:214:7)
34 silly fetchPackageMetaData     at Request.<anonymous> (/usr/share/npm/node_modules/request/request.js:1082:10)
34 silly fetchPackageMetaData     at emitOne (events.js:121:20)
34 silly fetchPackageMetaData     at Request.emit (events.js:211:7)
34 silly fetchPackageMetaData     at IncomingMessage.<anonymous> (/usr/share/npm/node_modules/request/request.js:1009:12)
34 silly fetchPackageMetaData  error for instead. { Error: Not found : instead.
34 silly fetchPackageMetaData     at makeError (/usr/share/npm/node_modules/npm-registry-client/lib/request.js:264:12)
34 silly fetchPackageMetaData     at CachingRegistryClient.<anonymous> (/usr/share/npm/node_modules/npm-registry-client/lib/request.js:252:14)
34 silly fetchPackageMetaData     at Request._callback (/usr/share/npm/node_modules/npm-registry-client/lib/request.js:172:14)
34 silly fetchPackageMetaData     at Request.self.callback (/usr/share/npm/node_modules/request/request.js:198:22)
34 silly fetchPackageMetaData     at emitTwo (events.js:126:13)
34 silly fetchPackageMetaData     at Request.emit (events.js:214:7)
34 silly fetchPackageMetaData     at Request.<anonymous> (/usr/share/npm/node_modules/request/request.js:1082:10)
34 silly fetchPackageMetaData     at emitOne (events.js:121:20)
34 silly fetchPackageMetaData     at Request.emit (events.js:211:7)
34 silly fetchPackageMetaData     at IncomingMessage.<anonymous> (/usr/share/npm/node_modules/request/request.js:1009:12) pkgid: 'instead.', statusCode: 404, code: 'E404' }
35 verbose mirrorRemote welldone-software/why-did-you-render git clone git://github.com/welldone-software/why-did-you-render.git
36 verbose setPermissions welldone-software/why-did-you-render set permissions on /home/adrian/.npm/_git-remotes/git-github-com-welldone-software-why-did-you-render-git-3a9f720d
37 verbose resolveHead welldone-software/why-did-you-render original treeish: master
38 info git [ 'rev-list', '-n1', 'master' ]
39 silly resolveHead welldone-software/why-did-you-render resolved treeish: 833dff6ec0eac83e0e2ea2d2c3d2174cd69d5ea2
40 verbose resolveHead welldone-software/why-did-you-render resolved Git URL: git://github.com/welldone-software/why-did-you-render.git#833dff6ec0eac83e0e2ea2d2c3d2174cd69d5ea2
41 silly resolveHead Git working directory: /tmp/npm-4784-097843e9/git-cache-d9902de4/833dff6ec0eac83e0e2ea2d2c3d2174cd69d5ea2
42 info git [ 'clone',
42 info git   '/home/adrian/.npm/_git-remotes/git-github-com-welldone-software-why-did-you-render-git-3a9f720d',
42 info git   '/tmp/npm-4784-097843e9/git-cache-d9902de4/833dff6ec0eac83e0e2ea2d2c3d2174cd69d5ea2' ]
43 verbose cloneResolved welldone-software/why-did-you-render clone Cloning into '/tmp/npm-4784-097843e9/git-cache-d9902de4/833dff6ec0eac83e0e2ea2d2c3d2174cd69d5ea2'...
43 verbose cloneResolved done.
44 info git [ 'checkout', '833dff6ec0eac83e0e2ea2d2c3d2174cd69d5ea2' ]
45 verbose checkoutTreeish welldone-software/why-did-you-render checkout Note: checking out '833dff6ec0eac83e0e2ea2d2c3d2174cd69d5ea2'.
45 verbose checkoutTreeish
45 verbose checkoutTreeish You are in 'detached HEAD' state. You can look around, make experimental
45 verbose checkoutTreeish changes and commit them, and you can discard any commits you make in this
45 verbose checkoutTreeish state without impacting any branches by performing another checkout.
45 verbose checkoutTreeish
45 verbose checkoutTreeish If you want to create a new branch to retain commits you create, you may
45 verbose checkoutTreeish do so (now or later) by using -b with the checkout command again. Example:
45 verbose checkoutTreeish
45 verbose checkoutTreeish   git checkout -b <new-branch-name>
45 verbose checkoutTreeish
45 verbose checkoutTreeish HEAD is now at 833dff6 Update README.md
46 verbose addLocalDirectory /home/adrian/.npm/@welldone-software/why-did-you-render/4.2.1/package.tgz not in flight; packing
47 verbose tar pack [ '/home/adrian/.npm/@welldone-software/why-did-you-render/4.2.1/package.tgz',
47 verbose tar pack   '/tmp/npm-4784-097843e9/git-cache-d9902de4/833dff6ec0eac83e0e2ea2d2c3d2174cd69d5ea2' ]
48 verbose tarball /home/adrian/.npm/@welldone-software/why-did-you-render/4.2.1/package.tgz
49 verbose folder /tmp/npm-4784-097843e9/git-cache-d9902de4/833dff6ec0eac83e0e2ea2d2c3d2174cd69d5ea2
50 verbose addLocalTarball adding from inside cache /home/adrian/.npm/@welldone-software/why-did-you-render/4.2.1/package.tgz
51 verbose addRemoteGit data._from: welldone-software/why-did-you-render
52 verbose addRemoteGit data._resolved: git://github.com/welldone-software/why-did-you-render.git#833dff6ec0eac83e0e2ea2d2c3d2174cd69d5ea2
53 silly cache afterAdd @welldone-software/why-did-you-render@4.2.1
54 verbose afterAdd /home/adrian/.npm/@welldone-software/why-did-you-render/4.2.1/package/package.json not in flight; writing
55 verbose afterAdd /home/adrian/.npm/@welldone-software/why-did-you-render/4.2.1/package/package.json written
56 silly rollbackFailedOptional Starting
57 silly rollbackFailedOptional Finishing
58 silly runTopLevelLifecycles Starting
59 silly runTopLevelLifecycles Finishing
60 silly install printInstalled
61 verbose stack Error: Not found : instead.
61 verbose stack     at makeError (/usr/share/npm/node_modules/npm-registry-client/lib/request.js:264:12)
61 verbose stack     at CachingRegistryClient.<anonymous> (/usr/share/npm/node_modules/npm-registry-client/lib/request.js:252:14)
61 verbose stack     at Request._callback (/usr/share/npm/node_modules/npm-registry-client/lib/request.js:172:14)
61 verbose stack     at Request.self.callback (/usr/share/npm/node_modules/request/request.js:198:22)
61 verbose stack     at emitTwo (events.js:126:13)
61 verbose stack     at Request.emit (events.js:214:7)
61 verbose stack     at Request.<anonymous> (/usr/share/npm/node_modules/request/request.js:1082:10)
61 verbose stack     at emitOne (events.js:121:20)
61 verbose stack     at Request.emit (events.js:211:7)
61 verbose stack     at IncomingMessage.<anonymous> (/usr/share/npm/node_modules/request/request.js:1009:12)
62 verbose statusCode 404
63 verbose pkgid instead.
64 verbose cwd /home/adrian/Desktop/azzarelli.github.io
65 error Linux 5.3.0-46-generic
66 error argv "/usr/bin/node" "/usr/bin/npm" "install" "--save" "welldone-software/why-did-you-render" "instead."
67 error node v8.10.0
68 error npm  v3.5.2
69 error code E404
70 error 404 Not found : instead.
71 error 404
72 error 404 'instead.' is not in the npm registry.
73 error 404 You should bug the author to publish it (or use the name yourself!)
74 error 404 Note that you can also install from a
75 error 404 tarball, folder, http url, or git url.
76 verbose exit [ 1, true ]
